This is pdfTeX, Version 3.14159265-2.6-1.40.17 (TeX Live 2016) (preloaded format=prv_circ 2018.3.30)  30 MAR 2018 23:51
entering extended mode
 restricted \write18 enabled.
 %&-line parsing enabled.
**&prv_circ circ.tex
(./circ.tex
LaTeX2e <2017/01/01> patch level 3
Babel <3.9r> and hyphenation patterns for 83 language(s) loaded.
CUSTOMISED FORMAT. Preloaded files:
        .
 article.cls    2014/09/29 v1.4h Standard LaTeX document class
  size10.clo    2014/09/29 v1.4h Standard LaTeX file (size option)
   babel.sty    2016/04/23 3.9r The Babel package
  german.ldf    2016/11/02 v2.9 German support for babel (traditional orthography)
 fontenc.sty
   t1enc.def    2017/02/22 v2.0g Standard LaTeX file
inputenc.sty    2015/03/17 v1.2c Input encoding file
  latin1.def    2015/03/17 v1.2c Input encoding file
 preview.sty    2010/02/14 11.90 (AUCTeX/preview-latex)
prtightpage.def
prauctex.def
prauctex.cfg
prshowlabels.def
  t1cmtt.fd    2014/09/29 v2.5h Standard LaTeX font definitions
  t1cmss.fd    2014/09/29 v2.5h Standard LaTeX font definitions
        .
No file circ.aux.
LaTeX Font Info:    Checking defaults for OML/cmm/m/it on input line 36.
LaTeX Font Info:    ... okay on input line 36.
LaTeX Font Info:    Checking defaults for T1/cmr/m/n on input line 36.
LaTeX Font Info:    ... okay on input line 36.
LaTeX Font Info:    Checking defaults for OT1/cmr/m/n on input line 36.
LaTeX Font Info:    ... okay on input line 36.
LaTeX Font Info:    Checking defaults for OMS/cmsy/m/n on input line 36.
LaTeX Font Info:    ... okay on input line 36.
LaTeX Font Info:    Checking defaults for OMX/cmex/m/n on input line 36.
LaTeX Font Info:    ... okay on input line 36.
LaTeX Font Info:    Checking defaults for U/cmr/m/n on input line 36.
LaTeX Font Info:    ... okay on input line 36.
Preview: Fontsize 10pt
Preview: PDFoutput 1
LaTeX Font Info:    External font `cmex10' loaded for size
(Font)              <12> on input line 39.
LaTeX Font Info:    External font `cmex10' loaded for size
(Font)              <8> on input line 39.
LaTeX Font Info:    External font `cmex10' loaded for size
(Font)              <6> on input line 39.
! Preview: Snippet 1 started.
<-><->
      
l.41 \begin{abstract}
                     
Not a real error.

Preview: Tightpage -32891 -32891 32891 32891
! Preview: Snippet 1 ended.(651269+183455x14483456).
<-><->
      
l.41 \begin{abstract}
                     
Not a real error.

[1{/usr/local/texlive/2016/texmf-var/fonts/map/pdftex/updmap/pdftex.map}]
! Preview: Snippet 2 started.
<-><->
      
l.48 \section
             {Einführung}
Not a real error.

! Preview: Snippet 2 ended.(651269+183455x14483456).
<-><->
      
l.48 \section{Einführung}
                         
Not a real error.

[2

]
! Preview: Snippet 3 started.
<-><->
      
l.52 \item Sie lassen sich als Funktion $
                                         y = f(x)$ darstellen.
Not a real error.

! Preview: Snippet 3 ended.(491520+163840x2494310).
<-><->
      
l.52 \item Sie lassen sich als Funktion $y = f(x)$
                                                   darstellen.
Not a real error.

[3]
! Preview: Snippet 4 started.
<-><->
      
l.53 \item $
            y$ ist im betrachteten Bereich monoton, das heißt, entweder
Not a real error.

! Preview: Snippet 4 ended.(282168+127431x344824).
<-><->
      
l.53 \item $y$
               ist im betrachteten Bereich monoton, das heißt, entweder
Not a real error.

[4]
! Preview: Snippet 5 started.
<-><->
      
l.55 \item Wenn $
                 x$ sich um $1$ ändert, so ändert sich $y$ betragsmäßig
Not a real error.

! Preview: Snippet 5 ended.(282168+0x374556).
<-><->
      
l.55 \item Wenn $x$
                    sich um $1$ ändert, so ändert sich $y$ betragsmäßig
Not a real error.

[5]
! Preview: Snippet 6 started.
<-><->
      
l.55 \item Wenn $x$ sich um $
                             1$ ändert, so ändert sich $y$ betragsmäßig
Not a real error.

! Preview: Snippet 6 ended.(422343+0x327681).
<-><->
      
l.55 \item Wenn $x$ sich um $1$
                                ändert, so ändert sich $y$ betragsmäßig
Not a real error.

[6]
! Preview: Snippet 7 started.
<-><->
      
l.55 ...n $x$ sich um $1$ ändert, so ändert sich $
                                                  y$ betragsmäßig
Not a real error.

! Preview: Snippet 7 ended.(282168+127431x344824).
<-><->
      
l.55 ...$x$ sich um $1$ ändert, so ändert sich $y$
                                                   betragsmäßig
Not a real error.

[7]
! Preview: Snippet 8 started.
<-><->
      
l.56   höchstens um $
                     1$
Not a real error.

! Preview: Snippet 8 ended.(422343+0x327681).
<-><->
      
l.56   höchstens um $1$
                       
Not a real error.

[8]
! Preview: Snippet 9 started.
<-><->
      
l.57   ($
         \left|\frac{\partial y}{\partial x}\right| \leq 1$).
Not a real error.

! Preview: Snippet 9 ended.(753670+425990x2400954).
<-><->
      
l.57 ...rac{\partial y}{\partial x}\right| \leq 1$
                                                  ).
Not a real error.

[9]
! Preview: Snippet 10 started.
<-><->
      
l.60 \section
             {Die gerade Linie}
Not a real error.

! Preview: Snippet 10 ended.(651269+183455x14483456).
<-><->
      
l.60 \section{Die gerade Linie}
                               
Not a real error.

[10

]
! Preview: Snippet 11 started.
<-><->
      
l.62 die durch den Punkt $
                          0 \choose 0$ geht. Alle anderen Linien lassen
Not a real error.

! Preview: Snippet 11 ended.(586443+229380x861985).
<-><->
      
l.62 die durch den Punkt $0 \choose 0$
                                       geht. Alle anderen Linien lassen
Not a real error.

[11]
! Preview: Snippet 12 started.
<-><->
      
l.63 sich durch Vertauschen von $
                                 x$ und~$y$ sowie Vorzeichenwechsel
Not a real error.

! Preview: Snippet 12 ended.(282168+0x374556).
<-><->
      
l.63 sich durch Vertauschen von $x$
                                    und~$y$ sowie Vorzeichenwechsel
Not a real error.

[12]
! Preview: Snippet 13 started.
<-><->
      
l.63 sich durch Vertauschen von $x$ und~$
                                         y$ sowie Vorzeichenwechsel
Not a real error.

! Preview: Snippet 13 ended.(282168+127431x344824).
<-><->
      
l.63 sich durch Vertauschen von $x$ und~$y$
                                            sowie Vorzeichenwechsel
Not a real error.

[13]
! Preview: Snippet 14 started.
<-><->
      
l.64 erzeugen.  Im ersten Oktanten gilt $
                                         x \geq y \geq 0$. Zum Zeichnen
Not a real error.

! Preview: Snippet 14 ended.(422343+127431x2794673).
<-><->
      
l.64 ... Im ersten Oktanten gilt $x \geq y \geq 0$
                                                  . Zum Zeichnen
Not a real error.

[14]
! Preview: Snippet 15 started.
<-><->
      
l.65 einer Linie genügt es also, $
                                  x$ durchlaufen zu lassen und für $y$ die
Not a real error.

! Preview: Snippet 15 ended.(282168+0x374556).
<-><->
      
l.65 einer Linie genügt es also, $x$
                                     durchlaufen zu lassen und für $y$ die
Not a real error.

[15]
! Preview: Snippet 16 started.
<-><->
      
l.65 ... also, $x$ durchlaufen zu lassen und für $
                                                  y$ die
Not a real error.

! Preview: Snippet 16 ended.(282168+127431x344824).
<-><->
      
l.65 ...lso, $x$ durchlaufen zu lassen und für $y$
                                                   die
Not a real error.

[16]
! Preview: Snippet 17 started.
<-><->
      
l.68 Die Gleichung einer Geraden durch $
                                        \Delta x \choose \Delta y$ lautet:
Not a real error.

! Preview: Snippet 17 ended.(604284+315196x1328475).
<-><->
      
l.68 ... Geraden durch $\Delta x \choose \Delta y$
                                                   lautet:
Not a real error.

[17]
! Preview: Snippet 18 started.
<-><->
      
l.69 \begin{equation}
                     
Not a real error.

! Preview: Snippet 18 ended.(1340729+232964x15661007).
<-><->
      
l.72 \end{equation}
                   
Not a real error.

[18

]
! Preview: Snippet 19 started.
<-><->
      
l.74 Nun stellen wir $
                      y$ als Summe eines ganzzahligen Wertes $e$ und eines
Not a real error.

! Preview: Snippet 19 ended.(282168+127431x344824).
<-><->
      
l.74 Nun stellen wir $y$
                         als Summe eines ganzzahligen Wertes $e$ und eines
Not a real error.

[19]
! Preview: Snippet 20 started.
<-><->
      
l.74 ... $y$ als Summe eines ganzzahligen Wertes $
                                                  e$ und eines
Not a real error.

! Preview: Snippet 20 ended.(282168+0x305153).
<-><->
      
l.74 ...y$ als Summe eines ganzzahligen Wertes $e$
                                                   und eines
Not a real error.

[20]
! Preview: Snippet 21 started.
<-><->
      
l.75 gebrochenen Wertes $
                         f$ dar, für den gilt: $-0.5 \leq f < 0.5$.  Somit
Not a real error.

! Preview: Snippet 21 ended.(455111+127431x391398).
<-><->
      
l.75 gebrochenen Wertes $f$
                            dar, für den gilt: $-0.5 \leq f < 0.5$.  Somit
Not a real error.

[21]
! Preview: Snippet 22 started.
<-><->
      
l.75 gebrochenen Wertes $f$ dar, für den gilt: $
                                                -0.5 \leq f < 0.5$.  Somit
Not a real error.

! Preview: Snippet 22 ended.(455111+127431x4323550).
<-><->
      
l.75 ...$f$ dar, für den gilt: $-0.5 \leq f < 0.5$
                                                  .  Somit
Not a real error.

[22]
! Preview: Snippet 23 started.
<-><->
      
l.76 stellt dann $
                  e$ den gewünschten, auf die nächste ganze Zahl gerundeten
Not a real error.

! Preview: Snippet 23 ended.(282168+0x305153).
<-><->
      
l.76 stellt dann $e$
                     den gewünschten, auf die nächste ganze Zahl gerundeten
Not a real error.

[23]
! Preview: Snippet 24 started.
<-><->
      
l.77 $
      y$-Wert dar. Jetzt formen wir (\ref{lgi}) um:
Not a real error.

! Preview: Snippet 24 ended.(282168+127431x344824).
<-><->
      
l.77 $y$
        -Wert dar. Jetzt formen wir (\ref{lgi}) um:
Not a real error.

[24]

LaTeX Warning: Reference `lgi' on page 2 undefined on input line 77.

! Preview: Snippet 25 started.
<-><->
      
l.78 \begin{eqnarray}
                     
Not a real error.

! Preview: Snippet 25 ended.(4020438+232964x15939467).
<-><->
      
l.83 \end{eqnarray}
                   
Not a real error.

[25

]

LaTeX Warning: Reference `lgii' on page 2 undefined on input line 85.

! Preview: Snippet 26 started.
<-><->
      
l.85 ...in (\ref{lgii}) bezeichnen wir jetzt mit $
                                                  d$.  Für
Not a real error.

! Preview: Snippet 26 ended.(455111+0x341106).
<-><->
      
l.85 ... (\ref{lgii}) bezeichnen wir jetzt mit $d$
                                                  .  Für
Not a real error.

[26]
! Preview: Snippet 27 started.
<-><->
      
l.86 positive gerade Werte von $
                                \Delta x$ ist offensichtlich $d < 0$ eine
Not a real error.

! Preview: Snippet 27 ended.(447828+0x920691).
<-><->
      
l.86 positive gerade Werte von $\Delta x$
                                          ist offensichtlich $d < 0$ eine
Not a real error.

[27]
! Preview: Snippet 28 started.
<-><->
      
l.86 ... Werte von $\Delta x$ ist offensichtlich $
                                                  d < 0$ eine
Not a real error.

! Preview: Snippet 28 ended.(455111+25623x1542593).
<-><->
      
l.86 ... von $\Delta x$ ist offensichtlich $d < 0$
                                                   eine
Not a real error.

[28]
! Preview: Snippet 29 started.
<-><->
      
l.87 zu~$
         f < 0.5$ equivalente Bedingung.
Not a real error.

! Preview: Snippet 29 ended.(455111+127431x2102611).
<-><->
      
l.87 zu~$f < 0.5$
                  equivalente Bedingung.
Not a real error.

[29]
! Preview: Snippet 30 started.
<-><->
      
l.89 Für ungerade Werte von~$
                             \Delta x$ ist $f < 0.5$ equivalent zu
Not a real error.

! Preview: Snippet 30 ended.(447828+0x920691).
<-><->
      
l.89 Für ungerade Werte von~$\Delta x$
                                       ist $f < 0.5$ equivalent zu
Not a real error.

[30]
! Preview: Snippet 31 started.
<-><->
      
l.89 Für ungerade Werte von~$\Delta x$ ist $
                                            f < 0.5$ equivalent zu
Not a real error.

! Preview: Snippet 31 ended.(455111+127431x2102611).
<-><->
      
l.89 ...ngerade Werte von~$\Delta x$ ist $f < 0.5$
                                                   equivalent zu
Not a real error.

[31]
! Preview: Snippet 32 started.
<-><->
      
l.90 $
      d + 0.5 < 0$.
Not a real error.

! Preview: Snippet 32 ended.(455111+54613x3180990).
<-><->
      
l.90 $d + 0.5 < 0$
                  .
Not a real error.

[32]
! Preview: Snippet 33 started.
<-><->
      
l.91 Da $
         d$ stets eine ganze Zahl ist, ist dies wieder zu $d < 0$
Not a real error.

! Preview: Snippet 33 ended.(455111+0x341106).
<-><->
      
l.91 Da $d$
            stets eine ganze Zahl ist, ist dies wieder zu $d < 0$
Not a real error.

[33]
! Preview: Snippet 34 started.
<-><->
      
l.91 ... eine ganze Zahl ist, ist dies wieder zu $
                                                  d < 0$
Not a real error.

! Preview: Snippet 34 ended.(455111+25623x1542593).
<-><->
      
l.91 ...ganze Zahl ist, ist dies wieder zu $d < 0$
                                                  
Not a real error.

[34]
! Preview: Snippet 35 started.
<-><->
      
l.99 Wird nun $
               \ifPreview\special{ps: junk}\fi f \geq 0.5$, wie sich durch
Not a real error.

! Preview: Snippet 35 ended.(455111+127431x2102611).
<-><->
      
l.99 ...ifPreview\special{ps: junk}\fi f \geq 0.5$
                                                  , wie sich durch
Not a real error.

[35
Non-PDF special ignored!]
! Preview: Snippet 36 started.
<-><->
      
l.100 den Vergleich $
                     d \stackrel{?}{<} 0$ feststellen läßt, so muß man
Not a real error.

! Preview: Snippet 36 ended.(868487+25623x1542593).
<-><->
      
l.100 den Vergleich $d \stackrel{?}{<} 0$
                                          feststellen läßt, so muß man
Not a real error.

[36]
! Preview: Snippet 37 started.
<-><->
      
l.101 korrigieren, indem man $
                              f$ um~1 erniedrigt und $e$ um~$1$ erhöht.
Not a real error.

! Preview: Snippet 37 ended.(455111+127431x391398).
<-><->
      
l.101 korrigieren, indem man $f$
                                 um~1 erniedrigt und $e$ um~$1$ erhöht.
Not a real error.

[37]
! Preview: Snippet 38 started.
<-><->
      
l.101 ...eren, indem man $f$ um~1 erniedrigt und $
                                                  e$ um~$1$ erhöht.
Not a real error.

! Preview: Snippet 38 ended.(282168+0x305153).
<-><->
      
l.101 ...en, indem man $f$ um~1 erniedrigt und $e$
                                                   um~$1$ erhöht.
Not a real error.

[38]
! Preview: Snippet 39 started.
<-><->
      
l.101 ...ndem man $f$ um~1 erniedrigt und $e$ um~$
                                                  1$ erhöht.
Not a real error.

! Preview: Snippet 39 ended.(422343+0x327681).
<-><->
      
l.101 ...em man $f$ um~1 erniedrigt und $e$ um~$1$
                                                   erhöht.
Not a real error.

[39]
! Preview: Snippet 40 started.
<-><->
      
l.106 $
       \ifPreview\special{ps: quit}\fi d$ muß dann auch entsprechend
Not a real error.

! Preview: Snippet 40 ended.(455111+0x341106).
<-><->
      
l.106 $\ifPreview\special{ps: quit}\fi d$
                                          muß dann auch entsprechend
Not a real error.

[40
Non-PDF special ignored!]
! Preview: Snippet 41 started.
<-><->
      
l.110 Einflüsse von $
                     x$ und $e$ auf $d$ der in Tabelle~\ref{linalg}
Not a real error.

! Preview: Snippet 41 ended.(282168+0x374556).
<-><->
      
l.110 Einflüsse von $x$
                        und $e$ auf $d$ der in Tabelle~\ref{linalg}
Not a real error.

[41]
! Preview: Snippet 42 started.
<-><->
      
l.110 Einflüsse von $x$ und $
                             e$ auf $d$ der in Tabelle~\ref{linalg}
Not a real error.

! Preview: Snippet 42 ended.(282168+0x305153).
<-><->
      
l.110 Einflüsse von $x$ und $e$
                                auf $d$ der in Tabelle~\ref{linalg}
Not a real error.

[42]
! Preview: Snippet 43 started.
<-><->
      
l.110 Einflüsse von $x$ und $e$ auf $
                                     d$ der in Tabelle~\ref{linalg}
Not a real error.

! Preview: Snippet 43 ended.(455111+0x341106).
<-><->
      
l.110 Einflüsse von $x$ und $e$ auf $d$
                                        der in Tabelle~\ref{linalg}
Not a real error.

[43]

LaTeX Warning: Reference `linalg' on page 2 undefined on input line 110.


LaTeX Warning: Reference `linc' on page 2 undefined on input line 112.


LaTeX Warning: Reference `linpict' on page 2 undefined on input line 114.

! Preview: Snippet 44 started.
<-><->
      
l.115 \begin{table}
                   
Not a real error.

! Preview: Snippet 44 ended.(4765618+3793642x16496387).
<-><->
      
l.133 \end{table}
                 
Not a real error.

[44


]
! Preview: Snippet 45 started.
<-><->
      
l.134 \begin{table}
                   
Not a real error.

! Preview: Snippet 45 ended.(15886676+15042100x15939467).
<-><->
      
l.183 \end{table}
                 
Not a real error.

[45


]
! Preview: Snippet 46 started.
<-><->
      
l.184 \begin{figure}
                    
Not a real error.

\x=\count92
\y=\count93
\d=\count94
\dx=\count95
\dy=\count96
! Preview: Snippet 46 ended.(14621882+232964x16774847).
<-><->
      
l.215 \end{figure}
                  
Not a real error.

[46


]
! Preview: Snippet 47 started.
<-><->
      
l.217 \section
              {Der Kreis}
Not a real error.

! Preview: Snippet 47 ended.(651269+0x14483456).
<-><->
      
l.217 \section{Der Kreis}
                         
Not a real error.

[47

]
! Preview: Snippet 48 started.
<-><->
      
l.219 ($
        y \geq x \geq 0$). Hier gelten die oben angegebenen Beziehungen.
Not a real error.

! Preview: Snippet 48 ended.(422343+127431x2794673).
<-><->
      
l.219 ($y \geq x \geq 0$
                        ). Hier gelten die oben angegebenen Beziehungen.
Not a real error.

[48]
! Preview: Snippet 49 started.
<-><->
      
l.224 \begin{equation}
                      
Not a real error.

! Preview: Snippet 49 ended.(859893+0x14483456).
<-><->
      
l.226 \end{equation}
                    
Not a real error.

[49]
! Preview: Snippet 50 started.
<-><->
      
l.228 Der Wert $
                y$ läßt sich darstellen als Summe einer ganzen Zahl $e$ und
Not a real error.

! Preview: Snippet 50 ended.(282168+127431x344824).
<-><->
      
l.228 Der Wert $y$
                   läßt sich darstellen als Summe einer ganzen Zahl $e$ und
Not a real error.

[50]
! Preview: Snippet 51 started.
<-><->
      
l.228 ... darstellen als Summe einer ganzen Zahl $
                                                  e$ und
Not a real error.

! Preview: Snippet 51 ended.(282168+0x305153).
<-><->
      
l.228 ...arstellen als Summe einer ganzen Zahl $e$
                                                   und
Not a real error.

[51]
! Preview: Snippet 52 started.
<-><->
      
l.229 einem Wert $
                  f$ mit $-0.5 \leq f < 0.5$. Der Wertebereich von $f$ ist
Not a real error.

! Preview: Snippet 52 ended.(455111+127431x391398).
<-><->
      
l.229 einem Wert $f$
                     mit $-0.5 \leq f < 0.5$. Der Wertebereich von $f$ ist
Not a real error.

[52]
! Preview: Snippet 53 started.
<-><->
      
l.229 einem Wert $f$ mit $
                          -0.5 \leq f < 0.5$. Der Wertebereich von $f$ ist
Not a real error.

! Preview: Snippet 53 ended.(455111+127431x4323550).
<-><->
      
l.229 einem Wert $f$ mit $-0.5 \leq f < 0.5$
                                            . Der Wertebereich von $f$ ist
Not a real error.

[53]
! Preview: Snippet 54 started.
<-><->
      
l.229 ...0.5 \leq f < 0.5$. Der Wertebereich von $
                                                  f$ ist
Not a real error.

! Preview: Snippet 54 ended.(455111+127431x391398).
<-><->
      
l.229 ...5 \leq f < 0.5$. Der Wertebereich von $f$
                                                   ist
Not a real error.

[54]
! Preview: Snippet 55 started.
<-><->
      
l.230 so gewählt worden, damit $
                                e$ einen auf ganze Zahlen gerundeten Wert
Not a real error.

! Preview: Snippet 55 ended.(282168+0x305153).
<-><->
      
l.230 so gewählt worden, damit $e$
                                   einen auf ganze Zahlen gerundeten Wert
Not a real error.

[55]
! Preview: Snippet 56 started.
<-><->
      
l.231 für $
           y$ darstellt.
Not a real error.

! Preview: Snippet 56 ended.(282168+127431x344824).
<-><->
      
l.231 für $y$
              darstellt.
Not a real error.

[56]
! Preview: Snippet 57 started.
<-><->
      
l.234 \begin{eqnarray}
                      
Not a real error.

! Preview: Snippet 57 ended.(1842933+232964x15661007).
<-><->
      
l.237 \end{eqnarray}
                    
Not a real error.

[57

]

LaTeX Warning: Reference `ggg' on page 2 undefined on input line 239.

! Preview: Snippet 58 started.
<-><->
      
l.239 Die Gleichung (\ref{ggg}) hat für $
                                         x+1$ folgende Form:
Not a real error.

! Preview: Snippet 58 ended.(422343+54613x1503227).
<-><->
      
l.239 Die Gleichung (\ref{ggg}) hat für $x+1$
                                              folgende Form:
Not a real error.

[58]
! Preview: Snippet 59 started.
<-><->
      
l.240 \begin{eqnarray}
                      
Not a real error.

! Preview: Snippet 59 ended.(730033+116484x15661007).
<-><->
      
l.242 \end{eqnarray}
                    
Not a real error.

[59

]

LaTeX Warning: Reference `ggg' on page 2 undefined on input line 244.


LaTeX Warning: Reference `hhh' on page 2 undefined on input line 244.

! Preview: Snippet 60 started.
<-><->
      
l.246 \begin{eqnarray*}
                       
Not a real error.

! Preview: Snippet 60 ended.(3602007+0x14483456).
<-><->
      
l.251 \end{eqnarray*}
                     
Not a real error.

[60]
! Preview: Snippet 61 started.
<-><->
      
l.253 Jetzt wird $
                  2ef + f^2$ mit $m$ getauft. Also:
Not a real error.

! Preview: Snippet 61 ended.(533465+127431x2510623).
<-><->
      
l.253 Jetzt wird $2ef + f^2$
                             mit $m$ getauft. Also:
Not a real error.

[61]
! Preview: Snippet 62 started.
<-><->
      
l.253 Jetzt wird $2ef + f^2$ mit $
                                  m$ getauft. Also:
Not a real error.

! Preview: Snippet 62 ended.(282168+0x575415).
<-><->
      
l.253 Jetzt wird $2ef + f^2$ mit $m$
                                     getauft. Also:
Not a real error.

[62]
! Preview: Snippet 63 started.
<-><->
      
l.254 \begin{eqnarray*}
                       
Not a real error.

! Preview: Snippet 63 ended.(3529189+0x14483456).
<-><->
      
l.259 \end{eqnarray*}
                     
Not a real error.

[63]
! Preview: Snippet 64 started.
<-><->
      
l.260 Wie groß ist jetzt $
                          m$? Für $x=0$ ist es sicher $0$. Solange $e$
Not a real error.

! Preview: Snippet 64 ended.(282168+0x575415).
<-><->
      
l.260 Wie groß ist jetzt $m$
                            ? Für $x=0$ ist es sicher $0$. Solange $e$
Not a real error.

[64]
! Preview: Snippet 65 started.
<-><->
      
l.260 Wie groß ist jetzt $m$? Für $
                                   x=0$ ist es sicher $0$. Solange $e$
Not a real error.

! Preview: Snippet 65 ended.(422343+0x1576043).
<-><->
      
l.260 Wie groß ist jetzt $m$? Für $x=0$
                                        ist es sicher $0$. Solange $e$
Not a real error.

[65]
! Preview: Snippet 66 started.
<-><->
      
l.260 ... ist jetzt $m$? Für $x=0$ ist es sicher $
                                                  0$. Solange $e$
Not a real error.

! Preview: Snippet 66 ended.(422343+0x327681).
<-><->
      
l.260 ...st jetzt $m$? Für $x=0$ ist es sicher $0$
                                                  . Solange $e$
Not a real error.

[66]
! Preview: Snippet 67 started.
<-><->
      
l.260 ...$? Für $x=0$ ist es sicher $0$. Solange $
                                                  e$
Not a real error.

! Preview: Snippet 67 ended.(282168+0x305153).
<-><->
      
l.260 ... Für $x=0$ ist es sicher $0$. Solange $e$
                                                  
Not a real error.

[67]
! Preview: Snippet 68 started.
<-><->
      
l.261 konstant bleibt, schrumpft $
                                  f$ stetig. Fällt $f$ unter $-0.5$, so
Not a real error.

! Preview: Snippet 68 ended.(455111+127431x391398).
<-><->
      
l.261 konstant bleibt, schrumpft $f$
                                     stetig. Fällt $f$ unter $-0.5$, so
Not a real error.

[68]
! Preview: Snippet 69 started.
<-><->
      
l.261 ...ant bleibt, schrumpft $f$ stetig. Fällt $
                                                  f$ unter $-0.5$, so
Not a real error.

! Preview: Snippet 69 ended.(455111+127431x391398).
<-><->
      
l.261 ...t bleibt, schrumpft $f$ stetig. Fällt $f$
                                                   unter $-0.5$, so
Not a real error.

[69]
! Preview: Snippet 70 started.
<-><->
      
l.261 ..., schrumpft $f$ stetig. Fällt $f$ unter $
                                                  -0.5$, so
Not a real error.

! Preview: Snippet 70 ended.(422343+54613x1347133).
<-><->
      
l.261 ...rumpft $f$ stetig. Fällt $f$ unter $-0.5$
                                                  , so
Not a real error.

[70]
! Preview: Snippet 71 started.
<-><->
      
l.262 fällt $
             m$ (unter Vernachlässigung von $f^2$) unter $-e$.  Dies wird
Not a real error.

! Preview: Snippet 71 ended.(282168+0x575415).
<-><->
      
l.262 fällt $m$
                (unter Vernachlässigung von $f^2$) unter $-e$.  Dies wird
Not a real error.

[71]
! Preview: Snippet 72 started.
<-><->
      
l.262 fällt $m$ (unter Vernachlässigung von $
                                             f^2$) unter $-e$.  Dies wird
Not a real error.

! Preview: Snippet 72 ended.(533465+127431x685401).
<-><->
      
l.262 fällt $m$ (unter Vernachlässigung von $f^2$
                                                 ) unter $-e$.  Dies wird
Not a real error.

[72]
! Preview: Snippet 73 started.
<-><->
      
l.262 ...unter Vernachlässigung von $f^2$) unter $
                                                  -e$.  Dies wird
Not a real error.

! Preview: Snippet 73 ended.(382293+54613x814879).
<-><->
      
l.262 ...er Vernachlässigung von $f^2$) unter $-e$
                                                  .  Dies wird
Not a real error.

[73]
! Preview: Snippet 74 started.
<-><->
      
l.263 ...t als Kriterium für einen Unterlauf von $
                                                  f$ verwendet.  Tritt
Not a real error.

! Preview: Snippet 74 ended.(455111+127431x391398).
<-><->
      
l.263 ...als Kriterium für einen Unterlauf von $f$
                                                   verwendet.  Tritt
Not a real error.

[74]
! Preview: Snippet 75 started.
<-><->
      
l.264 dieser auf, so muß $
                          f$ um $1$ erhöht und $e$ um $1$ erniedrigt werden.
Not a real error.

! Preview: Snippet 75 ended.(455111+127431x391398).
<-><->
      
l.264 dieser auf, so muß $f$
                             um $1$ erhöht und $e$ um $1$ erniedrigt werden.
Not a real error.

[75]
! Preview: Snippet 76 started.
<-><->
      
l.264 dieser auf, so muß $f$ um $
                                 1$ erhöht und $e$ um $1$ erniedrigt werden.
Not a real error.

! Preview: Snippet 76 ended.(422343+0x327681).
<-><->
      
l.264 dieser auf, so muß $f$ um $1$
                                    erhöht und $e$ um $1$ erniedrigt werden.
Not a real error.

[76]
! Preview: Snippet 77 started.
<-><->
      
l.264 dieser auf, so muß $f$ um $1$ erhöht und $
                                                e$ um $1$ erniedrigt werden.
Not a real error.

! Preview: Snippet 77 ended.(282168+0x305153).
<-><->
      
l.264 dieser auf, so muß $f$ um $1$ erhöht und $e$
                                                   um $1$ erniedrigt werden.
Not a real error.

[77]
! Preview: Snippet 78 started.
<-><->
      
l.264 ...uf, so muß $f$ um $1$ erhöht und $e$ um $
                                                  1$ erniedrigt werden.
Not a real error.

! Preview: Snippet 78 ended.(422343+0x327681).
<-><->
      
l.264 ..., so muß $f$ um $1$ erhöht und $e$ um $1$
                                                   erniedrigt werden.
Not a real error.

[78]
! Preview: Snippet 79 started.
<-><->
      
l.266 ...ingung zu vereinfachen, setzt man jetzt $
                                                  q$ = $m+e$.
Not a real error.

! Preview: Snippet 79 ended.(282168+127431x316074).
<-><->
      
l.266 ...gung zu vereinfachen, setzt man jetzt $q$
                                                   = $m+e$.
Not a real error.

[79]
! Preview: Snippet 80 started.
<-><->
      
l.266 ... zu vereinfachen, setzt man jetzt $q$ = $
                                                  m+e$.
Not a real error.

! Preview: Snippet 80 ended.(382293+54613x1681558).
<-><->
      
l.266 ...vereinfachen, setzt man jetzt $q$ = $m+e$
                                                  .
Not a real error.

[80]

LaTeX Warning: Reference `alg' on page 2 undefined on input line 267.


LaTeX Warning: Reference `prog' on page 2 undefined on input line 268.

! Preview: Snippet 81 started.
<-><->
      
l.269 \begin{table}
                   
Not a real error.

! Preview: Snippet 81 ended.(5248012+4276036x15661007).
<-><->
      
l.287 \end{table}
                 
Not a real error.

[81


]
! Preview: Snippet 82 started.
<-><->
      
l.288 \begin{table}
                   
Not a real error.

! Preview: Snippet 82 ended.(13851388+12879412x15939467).
<-><->
      
l.331 \end{table}
                 
Not a real error.

[82


]
! Preview: Snippet 83 started.
<-><->
      
l.332 \begin{figure}
                    
Not a real error.

\x=\count97
\y=\count98
\q=\count99
! Preview: Snippet 83 ended.(14621882+116484x16217927).
<-><->
      
l.360 \end{figure}
                  
Not a real error.

[83


]
! Preview: Snippet 84 started.
<-><->
      
l.362 \section
              {Einfache Hyperbeln}
Not a real error.

! Preview: Snippet 84 ended.(651269+183455x14483456).
<-><->
      
l.362 \section{Einfache Hyperbeln}
                                  
Not a real error.

[84

]
! Preview: Snippet 85 started.
<-><->
      
l.364 $
       y = r^2\!/x$ genügen, und zwar im Bereich~$x \geq r$.
Not a real error.

! Preview: Snippet 85 ended.(533465+163840x2419522).
<-><->
      
l.364 $y = r^2\!/x$
                    genügen, und zwar im Bereich~$x \geq r$.
Not a real error.

[85]
! Preview: Snippet 86 started.
<-><->
      
l.364 $y = r^2\!/x$ genügen, und zwar im Bereich~$
                                                  x \geq r$.
Not a real error.

! Preview: Snippet 86 ended.(416790+89110x1562238).
<-><->
      
l.364 ...$ genügen, und zwar im Bereich~$x \geq r$
                                                  .
Not a real error.

[86]
! Preview: Snippet 87 started.
<-><->
      
l.366 Mit dem Ansatz $
                      y = e + f$ ergibt sich:
Not a real error.

! Preview: Snippet 87 ended.(455111+127431x2716171).
<-><->
      
l.366 Mit dem Ansatz $y = e + f$
                                 ergibt sich:
Not a real error.

[87]
! Preview: Snippet 88 started.
<-><->
      
l.367 \begin{eqnarray}
                      
Not a real error.

! Preview: Snippet 88 ended.(2696113+232964x15939467).
<-><->
      
l.371 \end{eqnarray}
                    
Not a real error.

[88

]
! Preview: Snippet 89 started.
<-><->
      
l.373 Für $
           x' = x+1$ hat nun (\ref{phyp}) die Form
Not a real error.

! Preview: Snippet 89 ended.(492688+54613x2935454).
<-><->
      
l.373 Für $x' = x+1$
                     hat nun (\ref{phyp}) die Form
Not a real error.

[89]

LaTeX Warning: Reference `phyp' on page 2 undefined on input line 373.

! Preview: Snippet 90 started.
<-><->
      
l.374 \begin{eqnarray*}
                       
Not a real error.

! Preview: Snippet 90 ended.(3602007+0x14483456).
<-><->
      
l.379 \end{eqnarray*}
                     
Not a real error.

[90]
! Preview: Snippet 91 started.
<-><->
      
l.380 Setzt man jetzt $
                       d = (2f + 1)x$, so ist $f < -0.5$ mit~$d < 0$
Not a real error.

! Preview: Snippet 91 ended.(491520+163840x3946944).
<-><->
      
l.380 Setzt man jetzt $d = (2f + 1)x$
                                     , so ist $f < -0.5$ mit~$d < 0$
Not a real error.

[91]
! Preview: Snippet 92 started.
<-><->
      
l.380 Setzt man jetzt $d = (2f + 1)x$, so ist $
                                               f < -0.5$ mit~$d < 0$
Not a real error.

! Preview: Snippet 92 ended.(455111+127431x2612337).
<-><->
      
l.380 ... jetzt $d = (2f + 1)x$, so ist $f < -0.5$
                                                   mit~$d < 0$
Not a real error.

[92]
! Preview: Snippet 93 started.
<-><->
      
l.380 ... $d = (2f + 1)x$, so ist $f < -0.5$ mit~$
                                                  d < 0$
Not a real error.

! Preview: Snippet 93 ended.(455111+25623x1542593).
<-><->
      
l.380 ...(2f + 1)x$, so ist $f < -0.5$ mit~$d < 0$
                                                  
Not a real error.

[93]
! Preview: Snippet 94 started.
<-><->
      
l.382 $
       e' = e$,
Not a real error.

! Preview: Snippet 94 ended.(492688+0x1667977).
<-><->
      
l.382 $e' = e$
              ,
Not a real error.

[94]
! Preview: Snippet 95 started.
<-><->
      
l.383 dann muß in bekannter Weise $
                                   f$ um~$1$ erhöht und $e$ um~$1$
Not a real error.

! Preview: Snippet 95 ended.(455111+127431x391398).
<-><->
      
l.383 dann muß in bekannter Weise $f$
                                      um~$1$ erhöht und $e$ um~$1$
Not a real error.

[95]
! Preview: Snippet 96 started.
<-><->
      
l.383 dann muß in bekannter Weise $f$ um~$
                                          1$ erhöht und $e$ um~$1$
Not a real error.

! Preview: Snippet 96 ended.(422343+0x327681).
<-><->
      
l.383 dann muß in bekannter Weise $f$ um~$1$
                                             erhöht und $e$ um~$1$
Not a real error.

[96]
! Preview: Snippet 97 started.
<-><->
      
l.383 ...n bekannter Weise $f$ um~$1$ erhöht und $
                                                  e$ um~$1$
Not a real error.

! Preview: Snippet 97 ended.(282168+0x305153).
<-><->
      
l.383 ...bekannter Weise $f$ um~$1$ erhöht und $e$
                                                   um~$1$
Not a real error.

[97]
! Preview: Snippet 98 started.
<-><->
      
l.383 ...nter Weise $f$ um~$1$ erhöht und $e$ um~$
                                                  1$
Not a real error.

! Preview: Snippet 98 ended.(422343+0x327681).
<-><->
      
l.383 ...er Weise $f$ um~$1$ erhöht und $e$ um~$1$
                                                  
Not a real error.

[98]
! Preview: Snippet 99 started.
<-><->
      
l.387 Für $
           d'$ ergeben sich dann die folgenden Werte:
Not a real error.

! Preview: Snippet 99 ended.(492688+0x524971).
<-><->
      
l.387 Für $d'$
               ergeben sich dann die folgenden Werte:
Not a real error.

[99]
! Preview: Snippet 100 started.
<-><->
      
l.388 \begin{eqnarray*}
                       
Not a real error.

! Preview: Snippet 100 ended.(3529189+0x14483456).
<-><->
      
l.393 \end{eqnarray*}
                     
Not a real error.

[100]

LaTeX Warning: Reference `halg' on page 3 undefined on input line 394.

! Preview: Snippet 101 started.
<-><->
      
l.396 \begin{table}
                   
Not a real error.

! Preview: Snippet 101 ended.(5231703+4259727x15939467).
<-><->
      
l.414 \end{table}
                 
Not a real error.

[101


]
! Preview: Snippet 102 started.
<-><->
      
l.415 \begin{table}
                   
Not a real error.

! Preview: Snippet 102 ended.(9526012+8554036x14483456).
<-><->
      
l.446 \end{table}
                 
Not a real error.

[102

]
! Preview: Snippet 103 started.
<-><->
      
l.447 \begin{figure}
                    
Not a real error.

\x=\count100
\y=\count101
\q=\count102
\r=\count103
! Preview: Snippet 103 ended.(14621882+116484x16496387).
<-><->
      
l.478 \end{figure}
                  
Not a real error.

[103


]

LaTeX Warning: There were undefined references.

 ) 
Here is how much of TeX's memory you used:
 82 strings out of 491851
 926 string characters out of 6118433
 96379 words of memory out of 5000000
 4793 multiletter control sequences out of 15000+600000
 15606 words of font info for 37 fonts, out of 8000000 for 9000
 1141 hyphenation exceptions out of 8191
 22i,14n,22p,113b,394s stack positions out of 5000i,500n,10000p,200000b,80000s
{/usr/local/texlive/2016/texmf-dist/fonts/enc/dvips/cm-super/cm-super-t1.enc}</usr/local/texlive/2016/texmf-dist/fonts/type1/public/amsfonts/cm/cmex10.pfb></usr/local/texlive/2016/texmf-dist/fonts/type1/public/amsfonts/cm/cmmi10.pfb></usr/local/texlive/2016/texmf-dist/fonts/type1/public/amsfonts/cm/cmmi7.pfb></usr/local/texlive/2016/texmf-dist/fonts/type1/public/amsfonts/cm/cmr10.pfb></usr/local/texlive/2016/texmf-dist/fonts/type1/public/amsfonts/cm/cmr7.pfb></usr/local/texlive/2016/texmf-dist/fonts/type1/public/amsfonts/cm/cmsy10.pfb></usr/local/texlive/2016/texmf-dist/fonts/type1/public/amsfonts/cm/cmsy7.pfb></usr/local/texlive/2016/texmf-dist/fonts/type1/public/amsfonts/latxfont/lcircle1.pfb></usr/local/texlive/2016/texmf-dist/fonts/type1/public/cm-super/sfbx1440.pfb></usr/local/texlive/2016/texmf-dist/fonts/type1/public/cm-super/sfrm1000.pfb></usr/local/texlive/2016/texmf-dist/fonts/type1/public/cm-super/sftt0800.pfb></usr/local/texlive/2016/texmf-dist/fonts/type1/public/cm-super
/sftt0900.pfb>
Output written on circ.pdf (103 pages, 191676 bytes).
PDF statistics:
 386 PDF objects out of 1000 (max. 8388607)
 266 compressed objects within 3 object streams
 0 named destinations out of 1000 (max. 500000)
 1 words of extra memory for PDF output out of 10000 (max. 10000000)

