This is pdfTeX, Version 3.14159265-2.6-1.40.17 (TeX Live 2016) (preloaded format=pdflatex 2017.4.29)  30 MAR 2018 23:51
entering extended mode
 restricted \write18 enabled.
 %&-line parsing enabled.
**&pdflatex prv_circ.ini \nonstopmode\nofiles\PassOptionsToPackage{active,tightpage,auctex}{preview}\AtBeginDocument{\ifx\ifPreview\undefined\RequirePackage[displaymath,floats,graphics,textmath,sections,footnotes]{preview}[2004/11/05]\fi} \input circ.tex
(./prv_circ.ini
LaTeX2e <2017/01/01> patch level 3
Babel <3.9r> and hyphenation patterns for 83 language(s) loaded.
(/usr/local/texlive/2016/texmf-dist/tex/latex/carlisle/mylatex.ltx) (/usr/local/texlive/2016/texmf-dist/tex/latex/tools/.tex File ignored))
No auxiliary output files.

(./circ.tex (/usr/local/texlive/2016/texmf-dist/tex/latex/base/article.cls
Document Class: article 2014/09/29 v1.4h Standard LaTeX document class
(/usr/local/texlive/2016/texmf-dist/tex/latex/base/size10.clo
File: size10.clo 2014/09/29 v1.4h Standard LaTeX file (size option)
)
\c@part=\count79
\c@section=\count80
\c@subsection=\count81
\c@subsubsection=\count82
\c@paragraph=\count83
\c@subparagraph=\count84
\c@figure=\count85
\c@table=\count86
\abovecaptionskip=\skip41
\belowcaptionskip=\skip42
\bibindent=\dimen102
) (/usr/local/texlive/2016/texmf-dist/tex/generic/babel/babel.sty
Package: babel 2016/04/23 3.9r The Babel package
 (/usr/local/texlive/2016/texmf-dist/tex/generic/babel-german/german.ldf
Language: german 2016/11/02 v2.9 German support for babel (traditional orthography)
 (/usr/local/texlive/2016/texmf-dist/tex/generic/babel-german/germanb.ldf
Language: germanb 2016/11/02 v2.9 German support for babel (traditional orthography)
 (/usr/local/texlive/2016/texmf-dist/tex/generic/babel/babel.def
File: babel.def 2016/04/23 3.9r Babel common definitions
\babel@savecnt=\count87
\U@D=\dimen103
)
Package babel Info: Making " an active character on input line 139.
))) (/usr/local/texlive/2016/texmf-dist/tex/latex/base/fontenc.sty
Package: fontenc 2017/02/22 v2.0g Standard LaTeX package
 (/usr/local/texlive/2016/texmf-dist/tex/latex/base/t1enc.def
File: t1enc.def 2017/02/22 v2.0g Standard LaTeX file
LaTeX Font Info:    Redeclaring font encoding T1 on input line 48.
)) (/usr/local/texlive/2016/texmf-dist/tex/latex/base/inputenc.sty
Package: inputenc 2015/03/17 v1.2c Input encoding file
\inpenc@prehook=\toks14
\inpenc@posthook=\toks15
 (/usr/local/texlive/2016/texmf-dist/tex/latex/base/latin1.def
File: latin1.def 2015/03/17 v1.2c Input encoding file
)) (/usr/local/texlive/2016/texmf-dist/tex/latex/preview/preview.sty
Package: preview 2010/02/14 11.90 (AUCTeX/preview-latex)
 (/usr/local/texlive/2016/texmf-dist/tex/latex/preview/prtightpage.def
\PreviewBorder=\dimen104
) (/usr/local/texlive/2016/texmf-dist/tex/latex/preview/prauctex.def
No auxiliary output files.


\hbadness=\count88
\hfuzz=\dimen105
(/usr/local/texlive/2016/texmf-dist/tex/latex/preview/prauctex.cfg)) (/usr/local/texlive/2016/texmf-dist/tex/latex/preview/prshowlabels.def
\pr@labelbox=\box26
)
\pr@snippet=\count89
\pr@box=\box27
\pr@output=\toks16
)
\chaos=\box28
\tdim=\dimen106
\fives=\count90
\ones=\count91
\raster=\box29
LaTeX Font Info:    External font `cmex10' loaded for size
(Font)              <7> on input line 36.
LaTeX Font Info:    External font `cmex10' loaded for size
(Font)              <5> on input line 36.
LaTeX Font Info:    Try loading font information for T1+cmtt on input line 36.
 (/usr/local/texlive/2016/texmf-dist/tex/latex/base/t1cmtt.fd
File: t1cmtt.fd 2014/09/29 v2.5h Standard LaTeX font definitions
)
LaTeX Font Info:    Try loading font information for T1+cmss on input line 36.
 (/usr/local/texlive/2016/texmf-dist/tex/latex/base/t1cmss.fd
File: t1cmss.fd 2014/09/29 v2.5h Standard LaTeX font definitions
) )
Beginning to dump on file prv_circ.fmt
 (preloaded format=prv_circ 2018.3.30)
8149 strings of total length 131567
76260 memory locations dumped; current usage is 6335&66244
4731 multiletter control sequences
\font\nullfont=nullfont
\font\OMX/cmex/m/n/5=cmex10
\font\tenln=line10
\font\tenlnw=linew10
\font\tencirc=lcircle10
\font\tencircw=lcirclew10
\font\OT1/cmr/m/n/5=cmr5
\font\OT1/cmr/m/n/7=cmr7
\font\OT1/cmr/m/n/10=cmr10
\font\OML/cmm/m/it/5=cmmi5
\font\OML/cmm/m/it/7=cmmi7
\font\OML/cmm/m/it/10=cmmi10
\font\OMS/cmsy/m/n/5=cmsy5
\font\OMS/cmsy/m/n/7=cmsy7
\font\OMS/cmsy/m/n/10=cmsy10
\font\T1/cmr/m/n/10=ecrm1000
\font\T1/cmr/m/n/12=ecrm1200
\font\T1/cmr/m/n/8=ecrm0800
\font\T1/cmr/bx/n/10=ecbx1000
\font\T1/cmr/bx/it/10=ecbi1000
\font\T1/cmr/m/it/10=ecti1000
\font\T1/cmtt/m/n/10=ectt1000
\font\T1/cmss/m/n/10=ecss1000
9161 words of font info for 22 preloaded fonts
1141 hyphenation exceptions
Hyphenation trie of length 356793 has 8653 ops out of 35111
  143 for language 82
  110 for language 81
  138 for language 80
  7 for language 79
  12 for language 78
  52 for language 77
  127 for language 76
  183 for language 75
  71 for language 74
  248 for language 73
  62 for language 72
  66 for language 71
  119 for language 69
  43 for language 68
  58 for language 67
  7 for language 66
  194 for language 65
  37 for language 64
  23 for language 63
  852 for language 62
  852 for language 61
  21 for language 60
  38 for language 59
  77 for language 58
  58 for language 57
  141 for language 56
  105 for language 55
  25 for language 54
  27 for language 53
  37 for language 52
  229 for language 51
  38 for language 50
  21 for language 49
  147 for language 37
  185 for language 36
  50 for language 35
  18 for language 34
  389 for language 33
  235 for language 32
  207 for language 31
  39 for language 30
  76 for language 29
  40 for language 28
  89 for language 27
  31 for language 26
  113 for language 23
  145 for language 22
  377 for language 21
  224 for language 20
  265 for language 19
  60 for language 18
  63 for language 17
  19 for language 16
  14 for language 15
  2 for language 13
  21 for language 12
  12 for language 11
  5 for language 10
  148 for language 7
  97 for language 6
  137 for language 5
  525 for language 4
  516 for language 3
  2 for language 1
  181 for language 0
0 words of pdfTeX memory
0 indirect objects
No pages of output.
PDF statistics:
 0 PDF objects out of 1000 (max. 8388607)
 0 named destinations out of 1000 (max. 500000)
 1 words of extra memory for PDF output out of 10000 (max. 10000000)

